[30-Dec-2019 16:03:24 UTC] PHP Warning:  An unexpected error occurred. Something may be wrong with WordPress.org or this server&#8217;s configuration. If you continue to have problems, please try the <a href="https://wordpress.org/support/forums/">support forums</a>. (WordPress could not establish a secure connection to WordPress.org. Please contact your server administrator.) in /Users/eugene/Local Sites/arrangemymusic/app/public/wp-includes/update.php on line 162
[30-Dec-2019 16:03:24 UTC] PHP Stack trace:
[30-Dec-2019 16:03:24 UTC] PHP   1. {main}() /Users/eugene/Local Sites/arrangemymusic/app/public/wp-cron.php:0
[30-Dec-2019 16:03:24 UTC] PHP   2. do_action_ref_array() /Users/eugene/Local Sites/arrangemymusic/app/public/wp-cron.php:138
[30-Dec-2019 16:03:24 UTC] PHP   3. WP_Hook->do_action() /Users/eugene/Local Sites/arrangemymusic/app/public/wp-includes/plugin.php:544
[30-Dec-2019 16:03:24 UTC] PHP   4. WP_Hook->apply_filters() /Users/eugene/Local Sites/arrangemymusic/app/public/wp-includes/class-wp-hook.php:312
[30-Dec-2019 16:03:24 UTC] PHP   5. wp_version_check() /Users/eugene/Local Sites/arrangemymusic/app/public/wp-includes/class-wp-hook.php:288
[30-Dec-2019 16:03:24 UTC] PHP   6. trigger_error() /Users/eugene/Local Sites/arrangemymusic/app/public/wp-includes/update.php:162
[30-Dec-2019 16:03:24 UTC] PHP Warning:  An unexpected error occurred. Something may be wrong with WordPress.org or this server&#8217;s configuration. If you continue to have problems, please try the <a href="https://wordpress.org/support/forums/">support forums</a>. (WordPress could not establish a secure connection to WordPress.org. Please contact your server administrator.) in /Users/eugene/Local Sites/arrangemymusic/app/public/wp-includes/update.php on line 388
[30-Dec-2019 16:03:24 UTC] PHP Stack trace:
[30-Dec-2019 16:03:24 UTC] PHP   1. {main}() /Users/eugene/Local Sites/arrangemymusic/app/public/wp-cron.php:0
[30-Dec-2019 16:03:24 UTC] PHP   2. do_action_ref_array() /Users/eugene/Local Sites/arrangemymusic/app/public/wp-cron.php:138
[30-Dec-2019 16:03:24 UTC] PHP   3. WP_Hook->do_action() /Users/eugene/Local Sites/arrangemymusic/app/public/wp-includes/plugin.php:544
[30-Dec-2019 16:03:24 UTC] PHP   4. WP_Hook->apply_filters() /Users/eugene/Local Sites/arrangemymusic/app/public/wp-includes/class-wp-hook.php:312
[30-Dec-2019 16:03:24 UTC] PHP   5. wp_update_plugins() /Users/eugene/Local Sites/arrangemymusic/app/public/wp-includes/class-wp-hook.php:288
[30-Dec-2019 16:03:24 UTC] PHP   6. trigger_error() /Users/eugene/Local Sites/arrangemymusic/app/public/wp-includes/update.php:388
[30-Dec-2019 16:03:24 UTC] PHP Warning:  An unexpected error occurred. Something may be wrong with WordPress.org or this server&#8217;s configuration. If you continue to have problems, please try the <a href="https://wordpress.org/support/forums/">support forums</a>. (WordPress could not establish a secure connection to WordPress.org. Please contact your server administrator.) in /Users/eugene/Local Sites/arrangemymusic/app/public/wp-includes/update.php on line 577
[30-Dec-2019 16:03:24 UTC] PHP Stack trace:
[30-Dec-2019 16:03:24 UTC] PHP   1. {main}() /Users/eugene/Local Sites/arrangemymusic/app/public/wp-cron.php:0
[30-Dec-2019 16:03:24 UTC] PHP   2. do_action_ref_array() /Users/eugene/Local Sites/arrangemymusic/app/public/wp-cron.php:138
[30-Dec-2019 16:03:24 UTC] PHP   3. WP_Hook->do_action() /Users/eugene/Local Sites/arrangemymusic/app/public/wp-includes/plugin.php:544
[30-Dec-2019 16:03:24 UTC] PHP   4. WP_Hook->apply_filters() /Users/eugene/Local Sites/arrangemymusic/app/public/wp-includes/class-wp-hook.php:312
[30-Dec-2019 16:03:24 UTC] PHP   5. wp_update_themes() /Users/eugene/Local Sites/arrangemymusic/app/public/wp-includes/class-wp-hook.php:288
[30-Dec-2019 16:03:24 UTC] PHP   6. trigger_error() /Users/eugene/Local Sites/arrangemymusic/app/public/wp-includes/update.php:577
[05-Jan-2020 19:32:41 UTC] PHP Warning:  An unexpected error occurred. Something may be wrong with WordPress.org or this server&#8217;s configuration. If you continue to have problems, please try the <a href="https://wordpress.org/support/forums/">support forums</a>. (WordPress could not establish a secure connection to WordPress.org. Please contact your server administrator.) in /Users/eugene/Local Sites/arrangemymusic/app/public/wp-includes/update.php on line 162
[05-Jan-2020 19:32:41 UTC] PHP Stack trace:
[05-Jan-2020 19:32:41 UTC] PHP   1. {main}() /Users/eugene/Local Sites/arrangemymusic/app/public/wp-cron.php:0
[05-Jan-2020 19:32:41 UTC] PHP   2. do_action_ref_array() /Users/eugene/Local Sites/arrangemymusic/app/public/wp-cron.php:138
[05-Jan-2020 19:32:41 UTC] PHP   3. WP_Hook->do_action() /Users/eugene/Local Sites/arrangemymusic/app/public/wp-includes/plugin.php:544
[05-Jan-2020 19:32:41 UTC] PHP   4. WP_Hook->apply_filters() /Users/eugene/Local Sites/arrangemymusic/app/public/wp-includes/class-wp-hook.php:312
[05-Jan-2020 19:32:41 UTC] PHP   5. wp_version_check() /Users/eugene/Local Sites/arrangemymusic/app/public/wp-includes/class-wp-hook.php:288
[05-Jan-2020 19:32:41 UTC] PHP   6. trigger_error() /Users/eugene/Local Sites/arrangemymusic/app/public/wp-includes/update.php:162
[05-Jan-2020 19:32:41 UTC] PHP Warning:  An unexpected error occurred. Something may be wrong with WordPress.org or this server&#8217;s configuration. If you continue to have problems, please try the <a href="https://wordpress.org/support/forums/">support forums</a>. (WordPress could not establish a secure connection to WordPress.org. Please contact your server administrator.) in /Users/eugene/Local Sites/arrangemymusic/app/public/wp-includes/update.php on line 388
[05-Jan-2020 19:32:41 UTC] PHP Stack trace:
[05-Jan-2020 19:32:41 UTC] PHP   1. {main}() /Users/eugene/Local Sites/arrangemymusic/app/public/wp-cron.php:0
[05-Jan-2020 19:32:41 UTC] PHP   2. do_action_ref_array() /Users/eugene/Local Sites/arrangemymusic/app/public/wp-cron.php:138
[05-Jan-2020 19:32:41 UTC] PHP   3. WP_Hook->do_action() /Users/eugene/Local Sites/arrangemymusic/app/public/wp-includes/plugin.php:544
[05-Jan-2020 19:32:41 UTC] PHP   4. WP_Hook->apply_filters() /Users/eugene/Local Sites/arrangemymusic/app/public/wp-includes/class-wp-hook.php:312
[05-Jan-2020 19:32:41 UTC] PHP   5. wp_update_plugins() /Users/eugene/Local Sites/arrangemymusic/app/public/wp-includes/class-wp-hook.php:288
[05-Jan-2020 19:32:41 UTC] PHP   6. trigger_error() /Users/eugene/Local Sites/arrangemymusic/app/public/wp-includes/update.php:388
[05-Jan-2020 19:32:41 UTC] PHP Warning:  An unexpected error occurred. Something may be wrong with WordPress.org or this server&#8217;s configuration. If you continue to have problems, please try the <a href="https://wordpress.org/support/forums/">support forums</a>. (WordPress could not establish a secure connection to WordPress.org. Please contact your server administrator.) in /Users/eugene/Local Sites/arrangemymusic/app/public/wp-includes/update.php on line 577
[05-Jan-2020 19:32:41 UTC] PHP Stack trace:
[05-Jan-2020 19:32:41 UTC] PHP   1. {main}() /Users/eugene/Local Sites/arrangemymusic/app/public/wp-cron.php:0
[05-Jan-2020 19:32:41 UTC] PHP   2. do_action_ref_array() /Users/eugene/Local Sites/arrangemymusic/app/public/wp-cron.php:138
[05-Jan-2020 19:32:41 UTC] PHP   3. WP_Hook->do_action() /Users/eugene/Local Sites/arrangemymusic/app/public/wp-includes/plugin.php:544
[05-Jan-2020 19:32:41 UTC] PHP   4. WP_Hook->apply_filters() /Users/eugene/Local Sites/arrangemymusic/app/public/wp-includes/class-wp-hook.php:312
[05-Jan-2020 19:32:41 UTC] PHP   5. wp_update_themes() /Users/eugene/Local Sites/arrangemymusic/app/public/wp-includes/class-wp-hook.php:288
[05-Jan-2020 19:32:41 UTC] PHP   6. trigger_error() /Users/eugene/Local Sites/arrangemymusic/app/public/wp-includes/update.php:577
[09-Jan-2020 03:24:39 UTC] PHP Warning:  call_user_func_array() expects parameter 1 to be a valid callback, class 'CCSM_Customizer' does not have a method 'settings_page' in /Users/eugene/Local Sites/arrangemymusic/app/public/wp-includes/class-wp-hook.php on line 288
[09-Jan-2020 03:24:39 UTC] PHP Stack trace:
[09-Jan-2020 03:24:39 UTC] PHP   1. {main}() /Users/eugene/Local Sites/arrangemymusic/app/public/wp-admin/admin.php:0
[09-Jan-2020 03:24:39 UTC] PHP   2. do_action() /Users/eugene/Local Sites/arrangemymusic/app/public/wp-admin/admin.php:254
[09-Jan-2020 03:24:39 UTC] PHP   3. WP_Hook->do_action() /Users/eugene/Local Sites/arrangemymusic/app/public/wp-includes/plugin.php:478
[09-Jan-2020 03:24:39 UTC] PHP   4. WP_Hook->apply_filters() /Users/eugene/Local Sites/arrangemymusic/app/public/wp-includes/class-wp-hook.php:312
[09-Jan-2020 16:48:09 UTC] PHP Parse error:  syntax error, unexpected '<', expecting end of file in /Users/eugene/Local Sites/arrangemymusic/app/public/wp-content/themes/main-theme/index.php on line 5
[09-Jan-2020 18:05:59 UTC] PHP Warning:  in_array() expects parameter 2 to be array, string given in /Users/eugene/Local Sites/arrangemymusic/app/public/wp-content/themes/online-portfolio/inc/ample-themes/widgets/gallery-widgets.php on line 230
[09-Jan-2020 18:05:59 UTC] PHP Stack trace:
[09-Jan-2020 18:05:59 UTC] PHP   1. {main}() /Users/eugene/Local Sites/arrangemymusic/app/public/wp-admin/customize.php:0
[09-Jan-2020 18:05:59 UTC] PHP   2. do_action() /Users/eugene/Local Sites/arrangemymusic/app/public/wp-admin/customize.php:123
[09-Jan-2020 18:05:59 UTC] PHP   3. WP_Hook->do_action() /Users/eugene/Local Sites/arrangemymusic/app/public/wp-includes/plugin.php:478
[09-Jan-2020 18:05:59 UTC] PHP   4. WP_Hook->apply_filters() /Users/eugene/Local Sites/arrangemymusic/app/public/wp-includes/class-wp-hook.php:312
[09-Jan-2020 18:05:59 UTC] PHP   5. WP_Customize_Widgets->enqueue_scripts() /Users/eugene/Local Sites/arrangemymusic/app/public/wp-includes/class-wp-hook.php:288
[09-Jan-2020 18:05:59 UTC] PHP   6. WP_Customize_Widgets->get_available_widgets() /Users/eugene/Local Sites/arrangemymusic/app/public/wp-includes/class-wp-customize-widgets.php:690
[09-Jan-2020 18:05:59 UTC] PHP   7. WP_Customize_Widgets->get_widget_control() /Users/eugene/Local Sites/arrangemymusic/app/public/wp-includes/class-wp-customize-widgets.php:1001
[09-Jan-2020 18:05:59 UTC] PHP   8. wp_widget_control() /Users/eugene/Local Sites/arrangemymusic/app/public/wp-includes/class-wp-customize-widgets.php:1053
[09-Jan-2020 18:05:59 UTC] PHP   9. Online_Portfolio_Our_Work_Widget->form_callback() /Users/eugene/Local Sites/arrangemymusic/app/public/wp-admin/includes/widgets.php:276
[09-Jan-2020 18:05:59 UTC] PHP  10. Online_Portfolio_Our_Work_Widget->form() /Users/eugene/Local Sites/arrangemymusic/app/public/wp-includes/class-wp-widget.php:518
[09-Jan-2020 18:05:59 UTC] PHP  11. in_array() /Users/eugene/Local Sites/arrangemymusic/app/public/wp-content/themes/online-portfolio/inc/ample-themes/widgets/gallery-widgets.php:230
[09-Jan-2020 18:06:28 UTC] PHP Warning:  in_array() expects parameter 2 to be array, string given in /Users/eugene/Local Sites/arrangemymusic/app/public/wp-content/themes/online-portfolio/inc/ample-themes/widgets/gallery-widgets.php on line 230
[09-Jan-2020 18:06:28 UTC] PHP Stack trace:
[09-Jan-2020 18:06:28 UTC] PHP   1. {main}() /Users/eugene/Local Sites/arrangemymusic/app/public/wp-admin/customize.php:0
[09-Jan-2020 18:06:28 UTC] PHP   2. do_action() /Users/eugene/Local Sites/arrangemymusic/app/public/wp-admin/customize.php:123
[09-Jan-2020 18:06:28 UTC] PHP   3. WP_Hook->do_action() /Users/eugene/Local Sites/arrangemymusic/app/public/wp-includes/plugin.php:478
[09-Jan-2020 18:06:28 UTC] PHP   4. WP_Hook->apply_filters() /Users/eugene/Local Sites/arrangemymusic/app/public/wp-includes/class-wp-hook.php:312
[09-Jan-2020 18:06:28 UTC] PHP   5. WP_Customize_Widgets->enqueue_scripts() /Users/eugene/Local Sites/arrangemymusic/app/public/wp-includes/class-wp-hook.php:288
[09-Jan-2020 18:06:28 UTC] PHP   6. WP_Customize_Widgets->get_available_widgets() /Users/eugene/Local Sites/arrangemymusic/app/public/wp-includes/class-wp-customize-widgets.php:690
[09-Jan-2020 18:06:28 UTC] PHP   7. WP_Customize_Widgets->get_widget_control() /Users/eugene/Local Sites/arrangemymusic/app/public/wp-includes/class-wp-customize-widgets.php:1001
[09-Jan-2020 18:06:28 UTC] PHP   8. wp_widget_control() /Users/eugene/Local Sites/arrangemymusic/app/public/wp-includes/class-wp-customize-widgets.php:1053
[09-Jan-2020 18:06:28 UTC] PHP   9. Online_Portfolio_Our_Work_Widget->form_callback() /Users/eugene/Local Sites/arrangemymusic/app/public/wp-admin/includes/widgets.php:276
[09-Jan-2020 18:06:28 UTC] PHP  10. Online_Portfolio_Our_Work_Widget->form() /Users/eugene/Local Sites/arrangemymusic/app/public/wp-includes/class-wp-widget.php:518
[09-Jan-2020 18:06:28 UTC] PHP  11. in_array() /Users/eugene/Local Sites/arrangemymusic/app/public/wp-content/themes/online-portfolio/inc/ample-themes/widgets/gallery-widgets.php:230
[09-Jan-2020 18:07:41 UTC] PHP Warning:  in_array() expects parameter 2 to be array, string given in /Users/eugene/Local Sites/arrangemymusic/app/public/wp-content/themes/online-portfolio/inc/ample-themes/widgets/gallery-widgets.php on line 230
[09-Jan-2020 18:07:41 UTC] PHP Stack trace:
[09-Jan-2020 18:07:41 UTC] PHP   1. {main}() /Users/eugene/Local Sites/arrangemymusic/app/public/wp-admin/customize.php:0
[09-Jan-2020 18:07:41 UTC] PHP   2. do_action() /Users/eugene/Local Sites/arrangemymusic/app/public/wp-admin/customize.php:123
[09-Jan-2020 18:07:41 UTC] PHP   3. WP_Hook->do_action() /Users/eugene/Local Sites/arrangemymusic/app/public/wp-includes/plugin.php:478
[09-Jan-2020 18:07:41 UTC] PHP   4. WP_Hook->apply_filters() /Users/eugene/Local Sites/arrangemymusic/app/public/wp-includes/class-wp-hook.php:312
[09-Jan-2020 18:07:41 UTC] PHP   5. WP_Customize_Widgets->enqueue_scripts() /Users/eugene/Local Sites/arrangemymusic/app/public/wp-includes/class-wp-hook.php:288
[09-Jan-2020 18:07:41 UTC] PHP   6. WP_Customize_Widgets->get_available_widgets() /Users/eugene/Local Sites/arrangemymusic/app/public/wp-includes/class-wp-customize-widgets.php:690
[09-Jan-2020 18:07:41 UTC] PHP   7. WP_Customize_Widgets->get_widget_control() /Users/eugene/Local Sites/arrangemymusic/app/public/wp-includes/class-wp-customize-widgets.php:1001
[09-Jan-2020 18:07:41 UTC] PHP   8. wp_widget_control() /Users/eugene/Local Sites/arrangemymusic/app/public/wp-includes/class-wp-customize-widgets.php:1053
[09-Jan-2020 18:07:41 UTC] PHP   9. Online_Portfolio_Our_Work_Widget->form_callback() /Users/eugene/Local Sites/arrangemymusic/app/public/wp-admin/includes/widgets.php:276
[09-Jan-2020 18:07:41 UTC] PHP  10. Online_Portfolio_Our_Work_Widget->form() /Users/eugene/Local Sites/arrangemymusic/app/public/wp-includes/class-wp-widget.php:518
[09-Jan-2020 18:07:41 UTC] PHP  11. in_array() /Users/eugene/Local Sites/arrangemymusic/app/public/wp-content/themes/online-portfolio/inc/ample-themes/widgets/gallery-widgets.php:230
