[29-Dec-2019 15:50:57] NOTICE: fpm is running, pid 79958
[29-Dec-2019 15:50:57] NOTICE: ready to handle connections
[30-Dec-2019 11:03:31] NOTICE: Terminating ...
[30-Dec-2019 11:03:31] NOTICE: Terminating ...
[30-Dec-2019 11:03:31] NOTICE: exiting, bye-bye!
[04-Jan-2020 21:28:38] NOTICE: fpm is running, pid 8472
[04-Jan-2020 21:28:38] NOTICE: ready to handle connections
[05-Jan-2020 19:58:53] NOTICE: Terminating ...
[05-Jan-2020 19:58:53] NOTICE: Terminating ...
[05-Jan-2020 19:58:53] NOTICE: exiting, bye-bye!
[08-Jan-2020 22:01:42] NOTICE: fpm is running, pid 2687
[08-Jan-2020 22:01:42] NOTICE: ready to handle connections
[08-Jan-2020 22:02:29] NOTICE: Terminating ...
[08-Jan-2020 22:02:29] NOTICE: Terminating ...
[08-Jan-2020 22:02:29] NOTICE: exiting, bye-bye!
[08-Jan-2020 22:06:25] NOTICE: fpm is running, pid 2895
[08-Jan-2020 22:06:25] NOTICE: ready to handle connections
[08-Jan-2020 22:33:16] NOTICE: Terminating ...
[08-Jan-2020 22:33:16] NOTICE: Terminating ...
[08-Jan-2020 22:33:16] NOTICE: exiting, bye-bye!
[09-Jan-2020 09:50:39] NOTICE: fpm is running, pid 4668
[09-Jan-2020 09:50:39] NOTICE: ready to handle connections
